<?xml version="1.0" encoding="UTF-8"?>
<testng-results ignored="0" total="1" passed="1" failed="0" skipped="0">
  <reporter-output>
  </reporter-output>
  <suite started-at="2022-04-29T01:57:11 IST" name="Default suite" finished-at="2022-04-29T01:57:29 IST" duration-ms="17706">
    <groups>
    </groups>
    <test started-at="2022-04-29T01:57:11 IST" name="Default test" finished-at="2022-04-29T01:57:29 IST" duration-ms="17706">
      <class name="com.payroll.testcases.LoginPageTest">
        <test-method is-config="true" signature="loadConfig()[pri:0, instance:com.payroll.testcases.LoginPageTest@1b7cc17c]" started-at="2022-04-29T01:57:11 IST" name="loadConfig" finished-at="2022-04-29T01:57:11 IST" duration-ms="6" status="PASS">
          <reporter-output>
          </reporter-output>
        </test-method> <!-- loadConfig -->
        <test-method is-config="true" signature="setup()[pri:0, instance:com.payroll.testcases.LoginPageTest@1b7cc17c]" started-at="2022-04-29T01:57:11 IST" name="setup" finished-at="2022-04-29T01:57:19 IST" duration-ms="7984" status="PASS">
          <reporter-output>
          </reporter-output>
        </test-method> <!-- setup -->
        <test-method signature="LoginTest()[pri:0, instance:com.payroll.testcases.LoginPageTest@1b7cc17c]" started-at="2022-04-29T01:57:19 IST" name="LoginTest" finished-at="2022-04-29T01:57:29 IST" duration-ms="9493" status="PASS">
          <reporter-output>
          </reporter-output>
        </test-method> <!-- LoginTest -->
        <test-method is-config="true" signature="tearDown()[pri:0, instance:com.payroll.testcases.LoginPageTest@1b7cc17c]" started-at="2022-04-29T01:57:29 IST" name="tearDown" finished-at="2022-04-29T01:57:29 IST" duration-ms="183" status="PASS">
          <reporter-output>
          </reporter-output>
        </test-method> <!-- tearDown -->
      </class> <!-- com.payroll.testcases.LoginPageTest -->
    </test> <!-- Default test -->
  </suite> <!-- Default suite -->
</testng-results>
