<?xml version="1.0" encoding="UTF-8"?>
<!-- Generated by org.testng.reporters.JUnitXMLReporter -->
<testsuite ignored="1" hostname="JarvisLaptop" failures="0" tests="2" name="MonthlyReg" time="0.034" errors="0" timestamp="2022-03-30T07:56:07 IST">
  <testcase classname="TestNgTutorial.HomeInsurance" name="MobileLoginHome" time="0.005"/>
  <testcase classname="TestNgTutorial.HomeInsurance" name="WebLoginHome" time="0.002"/>
  <testcase classname="TestNgTutorial.HomeInsurance" name="APILoginHome" time="0.0">
    <ignored/>
  </testcase> <!-- APILoginHome -->
</testsuite> <!-- MonthlyReg -->
