<?xml version="1.0" encoding="UTF-8"?>
<!-- Generated by org.testng.reporters.JUnitXMLReporter -->
<testsuite ignored="9" hostname="JarvisLaptop" failures="0" tests="8" name="Regresssion" time="0.07" errors="0" timestamp="2022-03-31T07:14:35 IST">
  <testcase classname="TestNgTutorial.VehicleInsurance" name="APILoginVehicle" time="0.006"/>
  <testcase classname="TestNgTutorial.VehicleInsurance" name="MobileLoginVehicle" time="0.002"/>
  <testcase classname="TestNgTutorial.VehicleInsurance" name="WebLoginVehicle" time="0.001"/>
  <testcase classname="TestNgTutorial.VehicleInsurance" name="WebLogoutVehicle" time="0.001"/>
  <testcase classname="TestNgTutorial.LifeInsurance" name="APILoginLife" time="0.001"/>
  <testcase classname="TestNgTutorial.LifeInsurance" name="MobileLoginLife" time="0.001"/>
  <testcase classname="TestNgTutorial.LifeInsurance" name="WebLoginLife" time="0.002"/>
  <testcase classname="TestNgTutorial.LifeInsurance" name="WebLogoutLife" time="0.002"/>
  <testcase classname="TestNgTutorial.gardenInsurance" name="WebLoginGarden" time="0.0">
    <ignored/>
  </testcase> <!-- WebLoginGarden -->
  <testcase classname="TestNgTutorial.gardenInsurance" name="APILoginGarden" time="0.0">
    <ignored/>
  </testcase> <!-- APILoginGarden -->
  <testcase classname="TestNgTutorial.HomeInsurance" name="WebLoginHome" time="0.0">
    <ignored/>
  </testcase> <!-- WebLoginHome -->
  <testcase classname="TestNgTutorial.HomeInsurance" name="MobileLoginHome" time="0.0">
    <ignored/>
  </testcase> <!-- MobileLoginHome -->
  <testcase classname="TestNgTutorial.gardenInsurance" name="MobileHomeGarden" time="0.0">
    <ignored/>
  </testcase> <!-- MobileHomeGarden -->
  <testcase classname="TestNgTutorial.HomeInsurance" name="WebLogoutHome" time="0.0">
    <ignored/>
  </testcase> <!-- WebLogoutHome -->
  <testcase classname="TestNgTutorial.gardenInsurance" name="MobileLoginGarden" time="0.0">
    <ignored/>
  </testcase> <!-- MobileLoginGarden -->
  <testcase classname="TestNgTutorial.gardenInsurance" name="MobileLogoutGarden" time="0.0">
    <ignored/>
  </testcase> <!-- MobileLogoutGarden -->
  <testcase classname="TestNgTutorial.HomeInsurance" name="APILoginHome" time="0.0">
    <ignored/>
  </testcase> <!-- APILoginHome -->
</testsuite> <!-- Regresssion -->
