<?xml version="1.0" encoding="UTF-8"?>
<!-- Generated by org.testng.reporters.JUnitXMLReporter -->
<testsuite ignored="11" hostname="JarvisLaptop" failures="0" tests="6" name="Regression" time="0.068" errors="0" timestamp="2022-03-30T08:16:06 IST">
  <testcase classname="TestNgTutorial.HomeInsurance" name="WebLoginHome" time="0.016"/>
  <testcase classname="TestNgTutorial.HomeInsurance" name="WebLogoutHome" time="0.001"/>
  <testcase classname="TestNgTutorial.LifeInsurance" name="WebLoginLife" time="0.002"/>
  <testcase classname="TestNgTutorial.LifeInsurance" name="WebLogoutLife" time="0.002"/>
  <testcase classname="TestNgTutorial.VehicleInsurance" name="WebLoginVehicle" time="0.001"/>
  <testcase classname="TestNgTutorial.VehicleInsurance" name="WebLogoutVehicle" time="0.001"/>
  <testcase classname="TestNgTutorial.gardenInsurance" name="WebLoginGarden" time="0.0">
    <ignored/>
  </testcase> <!-- WebLoginGarden -->
  <testcase classname="TestNgTutorial.gardenInsurance" name="APILoginGarden" time="0.0">
    <ignored/>
  </testcase> <!-- APILoginGarden -->
  <testcase classname="TestNgTutorial.LifeInsurance" name="APILoginLife" time="0.0">
    <ignored/>
  </testcase> <!-- APILoginLife -->
  <testcase classname="TestNgTutorial.HomeInsurance" name="MobileLoginHome" time="0.0">
    <ignored/>
  </testcase> <!-- MobileLoginHome -->
  <testcase classname="TestNgTutorial.VehicleInsurance" name="MobileLoginVehicle" time="0.0">
    <ignored/>
  </testcase> <!-- MobileLoginVehicle -->
  <testcase classname="TestNgTutorial.gardenInsurance" name="MobileHomeGarden" time="0.0">
    <ignored/>
  </testcase> <!-- MobileHomeGarden -->
  <testcase classname="TestNgTutorial.gardenInsurance" name="MobileLoginGarden" time="0.0">
    <ignored/>
  </testcase> <!-- MobileLoginGarden -->
  <testcase classname="TestNgTutorial.gardenInsurance" name="MobileLogoutGarden" time="0.0">
    <ignored/>
  </testcase> <!-- MobileLogoutGarden -->
  <testcase classname="TestNgTutorial.LifeInsurance" name="MobileLoginLife" time="0.0">
    <ignored/>
  </testcase> <!-- MobileLoginLife -->
  <testcase classname="TestNgTutorial.HomeInsurance" name="APILoginHome" time="0.0">
    <ignored/>
  </testcase> <!-- APILoginHome -->
  <testcase classname="TestNgTutorial.VehicleInsurance" name="APILoginVehicle" time="0.0">
    <ignored/>
  </testcase> <!-- APILoginVehicle -->
</testsuite> <!-- Regression -->
