<?xml version="1.0" encoding="UTF-8"?>
<!-- Generated by org.testng.reporters.JUnitXMLReporter -->
<testsuite ignored="0" hostname="JarvisLaptop" failures="0" tests="6" name="WeeklyReg" time="0.017" errors="0" timestamp="2022-03-30T07:56:07 IST">
  <testcase classname="TestNgTutorial.LifeInsurance" name="APILoginLife" time="0.001"/>
  <testcase classname="TestNgTutorial.LifeInsurance" name="MobileLoginLife" time="0.001"/>
  <testcase classname="TestNgTutorial.LifeInsurance" name="WebLoginLife" time="0.001"/>
  <testcase classname="TestNgTutorial.VehicleInsurance" name="APILoginVehicle" time="0.001"/>
  <testcase classname="TestNgTutorial.VehicleInsurance" name="MobileLoginVehicle" time="0.001"/>
  <testcase classname="TestNgTutorial.VehicleInsurance" name="WebLoginVehicle" time="0.0"/>
</testsuite> <!-- WeeklyReg -->
