<?xml version="1.0" encoding="UTF-8"?>
<testng-results ignored="9" total="17" passed="8" failed="0" skipped="0">
  <reporter-output>
  </reporter-output>
  <suite started-at="2022-04-01T08:30:51 IST" name="Insurance" finished-at="2022-04-01T08:30:51 IST" duration-ms="69">
    <groups>
      <group name="Reg">
        <method signature="LifeInsurance.WebLoginLife()[pri:0, instance:TestNgTutorial.LifeInsurance@4cc451f2]" name="WebLoginLife" class="TestNgTutorial.LifeInsurance"/>
        <method signature="LifeInsurance.WebLogoutLife()[pri:0, instance:TestNgTutorial.LifeInsurance@4cc451f2]" name="WebLogoutLife" class="TestNgTutorial.LifeInsurance"/>
        <method signature="VehicleInsurance.WebLoginVehicle()[pri:0, instance:TestNgTutorial.VehicleInsurance@4a94ee4]" name="WebLoginVehicle" class="TestNgTutorial.VehicleInsurance"/>
        <method signature="VehicleInsurance.WebLogoutVehicle()[pri:0, instance:TestNgTutorial.VehicleInsurance@4a94ee4]" name="WebLogoutVehicle" class="TestNgTutorial.VehicleInsurance"/>
      </group> <!-- Reg -->
    </groups>
    <test started-at="2022-04-01T08:30:51 IST" name="Regresssion" finished-at="2022-04-01T08:30:51 IST" duration-ms="69">
      <class name="TestNgTutorial.VehicleInsurance">
        <test-method signature="APILoginVehicle()[pri:0, instance:TestNgTutorial.VehicleInsurance@4a94ee4]" started-at="2022-04-01T08:30:51 IST" name="APILoginVehicle" finished-at="2022-04-01T08:30:51 IST" duration-ms="3" status="PASS">
          <reporter-output>
          </reporter-output>
        </test-method> <!-- APILoginVehicle -->
        <test-method signature="MobileLoginVehicle()[pri:0, instance:TestNgTutorial.VehicleInsurance@4a94ee4]" started-at="2022-04-01T08:30:51 IST" name="MobileLoginVehicle" finished-at="2022-04-01T08:30:51 IST" duration-ms="1" status="PASS">
          <reporter-output>
          </reporter-output>
        </test-method> <!-- MobileLoginVehicle -->
        <test-method signature="WebLoginVehicle()[pri:0, instance:TestNgTutorial.VehicleInsurance@4a94ee4]" started-at="2022-04-01T08:30:51 IST" name="WebLoginVehicle" finished-at="2022-04-01T08:30:51 IST" duration-ms="3" status="PASS">
          <reporter-output>
          </reporter-output>
        </test-method> <!-- WebLoginVehicle -->
        <test-method signature="WebLogoutVehicle()[pri:0, instance:TestNgTutorial.VehicleInsurance@4a94ee4]" started-at="2022-04-01T08:30:51 IST" name="WebLogoutVehicle" finished-at="2022-04-01T08:30:51 IST" duration-ms="1" status="PASS">
          <reporter-output>
          </reporter-output>
        </test-method> <!-- WebLogoutVehicle -->
      </class> <!-- TestNgTutorial.VehicleInsurance -->
      <class name="TestNgTutorial.LifeInsurance">
        <test-method is-config="true" signature="before()[pri:0, instance:TestNgTutorial.LifeInsurance@4cc451f2]" started-at="2022-04-01T08:30:51 IST" name="before" finished-at="2022-04-01T08:30:51 IST" duration-ms="7" status="PASS">
          <reporter-output>
          </reporter-output>
        </test-method> <!-- before -->
        <test-method signature="APILoginLife()[pri:0, instance:TestNgTutorial.LifeInsurance@4cc451f2]" started-at="2022-04-01T08:30:51 IST" name="APILoginLife" finished-at="2022-04-01T08:30:51 IST" duration-ms="1" status="PASS">
          <reporter-output>
          </reporter-output>
        </test-method> <!-- APILoginLife -->
        <test-method signature="MobileLoginLife()[pri:0, instance:TestNgTutorial.LifeInsurance@4cc451f2]" started-at="2022-04-01T08:30:51 IST" name="MobileLoginLife" finished-at="2022-04-01T08:30:51 IST" duration-ms="1" status="PASS">
          <reporter-output>
          </reporter-output>
        </test-method> <!-- MobileLoginLife -->
        <test-method signature="WebLoginLife()[pri:0, instance:TestNgTutorial.LifeInsurance@4cc451f2]" started-at="2022-04-01T08:30:51 IST" name="WebLoginLife" finished-at="2022-04-01T08:30:51 IST" duration-ms="3" status="PASS">
          <reporter-output>
          </reporter-output>
        </test-method> <!-- WebLoginLife -->
        <test-method signature="WebLogoutLife()[pri:0, instance:TestNgTutorial.LifeInsurance@4cc451f2]" started-at="2022-04-01T08:30:51 IST" name="WebLogoutLife" finished-at="2022-04-01T08:30:51 IST" duration-ms="1" status="PASS">
          <reporter-output>
          </reporter-output>
        </test-method> <!-- WebLogoutLife -->
        <test-method is-config="true" signature="after()[pri:0, instance:TestNgTutorial.LifeInsurance@4cc451f2]" started-at="2022-04-01T08:30:51 IST" name="after" finished-at="2022-04-01T08:30:51 IST" duration-ms="1" status="PASS">
          <reporter-output>
          </reporter-output>
        </test-method> <!-- after -->
      </class> <!-- TestNgTutorial.LifeInsurance -->
      <class name="TestNgTutorial.HomeInsurance">
        <test-method is-config="true" signature="aftersuite()[pri:0, instance:TestNgTutorial.HomeInsurance@359f7cdf]" started-at="2022-04-01T08:30:51 IST" name="aftersuite" finished-at="2022-04-01T08:30:51 IST" duration-ms="0" status="PASS">
          <reporter-output>
          </reporter-output>
        </test-method> <!-- aftersuite -->
      </class> <!-- TestNgTutorial.HomeInsurance -->
    </test> <!-- Regresssion -->
  </suite> <!-- Insurance -->
</testng-results>
