<?xml version="1.0" encoding="UTF-8"?>
<testng-results ignored="0" total="1" passed="1" failed="0" skipped="0">
  <reporter-output>
  </reporter-output>
  <suite started-at="2022-03-31T08:21:54 IST" name="Suite" finished-at="2022-03-31T08:21:54 IST" duration-ms="41">
    <groups>
    </groups>
    <test started-at="2022-03-31T08:21:54 IST" name="Test" finished-at="2022-03-31T08:21:54 IST" duration-ms="41">
      <class name="TestNgTutorial.TestNgPara">
        <test-method signature="demo(java.lang.String,java.lang.String,java.lang.String)[pri:0, instance:TestNgTutorial.TestNgPara@4ac3c60d]" started-at="2022-03-31T08:21:54 IST" name="demo" finished-at="2022-03-31T08:21:54 IST" duration-ms="8" status="PASS">
          <params>
            <param index="0">
              <value>
                <![CDATA[www.google.com]]>
              </value>
            </param>
            <param index="1">
              <value>
                <![CDATA[admin]]>
              </value>
            </param>
            <param index="2">
              <value>
                <![CDATA[psw123]]>
              </value>
            </param>
          </params>
          <reporter-output>
          </reporter-output>
        </test-method> <!-- demo -->
      </class> <!-- TestNgTutorial.TestNgPara -->
    </test> <!-- Test -->
  </suite> <!-- Suite -->
</testng-results>
