<?xml version="1.0" encoding="UTF-8"?>
<!-- Generated by org.testng.reporters.JUnitXMLReporter -->
<testsuite ignored="0" hostname="JarvisLaptop" failures="0" tests="9" name="Insurance" time="0.071" errors="0" timestamp="2022-03-29T07:48:52 IST">
  <testcase classname="TestNgTutorial.HomeInsurance" name="MobileLogin" time="0.01"/>
  <testcase classname="TestNgTutorial.HomeInsurance" name="APILogin" time="0.001"/>
  <testcase classname="TestNgTutorial.HomeInsurance" name="WebLogin" time="0.001"/>
  <testcase classname="TestNgTutorial.LifeInsurance" name="APILogin" time="0.002"/>
  <testcase classname="TestNgTutorial.LifeInsurance" name="MobileLogin" time="0.0"/>
  <testcase classname="TestNgTutorial.LifeInsurance" name="WebLogin" time="0.0"/>
  <testcase classname="TestNgTutorial.VehicleInsurance" name="APILogin" time="0.001"/>
  <testcase classname="TestNgTutorial.VehicleInsurance" name="MobileLogin" time="0.001"/>
  <testcase classname="TestNgTutorial.VehicleInsurance" name="WebLogin" time="0.001"/>
</testsuite> <!-- Insurance -->
